<?xml version="1.0" encoding="UTF-8"?>
<testng-results ignored="0" total="1" passed="1" failed="0" skipped="0">
  <reporter-output>
  </reporter-output>
  <suite started-at="2022-05-27T11:41:00 MESZ" name="Surefire suite" finished-at="2022-05-27T11:41:00 MESZ" duration-ms="23">
    <groups>
    </groups>
    <test started-at="2022-05-27T11:41:00 MESZ" name="Surefire test" finished-at="2022-05-27T11:41:00 MESZ" duration-ms="23">
      <class name="ShopServiceTest">
        <test-method signature="shouldReturnSpecificProductForID()[pri:0, instance:ShopServiceTest@10dba097]" started-at="2022-05-27T11:41:00 MESZ" name="shouldReturnSpecificProductForID" finished-at="2022-05-27T11:41:00 MESZ" duration-ms="5" status="PASS">
          <reporter-output>
          </reporter-output>
        </test-method> <!-- shouldReturnSpecificProductForID -->
      </class> <!-- ShopServiceTest -->
    </test> <!-- Surefire test -->
  </suite> <!-- Surefire suite -->
</testng-results>
